TN:
SF:src/SoroWillClient.ts
FN:335,isRawWillShape
FN:356,mapWill
FN:379,mapWillList
FN:409,mapEventRecord
FN:425,parseCursor
FN:435,normalizePositiveInteger
FN:451,validateAmount
FN:477,validateDays
FN:487,getDefaultEnv
FN:527,constructor
FN:580,(anonymous_10)
FN:605,fromEnv
FN:667,forNetwork
FN:702,createWill
FN:745,checkIn
FN:775,triggerWill
FN:781,emergencyCheckIn
FN:812,releaseInheritance
FN:825,cancelWill
FN:847,updateBeneficiaries
FN:866,topUp
FN:900,waitForTransaction
FN:904,(anonymous_22)
FN:923,getWill
FN:945,getWillsByOwner
FN:963,getWillsByBeneficiary
FN:981,paginate
FN:1008,guardianTrigger
FN:1064,batch
FN:1071,(anonymous_29)
FN:1090,(anonymous_30)
FN:1097,(anonymous_31)
FN:1098,(anonymous_32)
FN:1110,(anonymous_33)
FN:1111,(anonymous_34)
FN:1152,buildSep7SigningUri
FN:1170,previewFee
FN:1189,(anonymous_37)
FN:1190,(anonymous_38)
FN:1212,subscribeToEvents
FN:1223,(anonymous_40)
FN:1230,closed
FN:1233,(anonymous_42)
FN:1244,(anonymous_43)
FN:1257,(anonymous_44)
FN:1269,(anonymous_45)
FN:1283,(anonymous_46)
FN:1290,startPollingSubscription
FN:1301,closed_2
FN:1304,(anonymous_49)
FN:1311,(anonymous_50)
FN:1341,(anonymous_51)
FN:1351,destroy
FN:1364,getContractId
FN:1376,getNetwork
FN:1381,getSpec
FN:1392,(anonymous_56)
FN:1396,(anonymous_57)
FN:1397,(anonymous_58)
FN:1407,read
FN:1426,(anonymous_60)
FN:1427,(anonymous_61)
FN:1428,(anonymous_62)
FN:1459,invoke
FN:1526,submit
FN:1544,(anonymous_65)
FN:1559,(anonymous_66)
FN:1576,(anonymous_67)
FN:1620,(anonymous_68)
FN:1621,(anonymous_69)
FN:1638,(anonymous_70)
FN:1683,buildTransaction
FN:1691,submitSignedTransaction
FN:1702,(anonymous_73)
FN:1703,(anonymous_74)
FN:1716,(anonymous_75)
FN:1732,refreshSpec
FN:1737,getNetworkFeeStats
FN:1742,(anonymous_78)
FN:1745,assertWalletNetwork
FN:1770,rpc
FN:1781,withRetry
FN:1795,(anonymous_82)
FN:1811,buildInvocationTransaction
FN:1821,(anonymous_84)
FN:1831,prepareInvocation
FN:1839,(anonymous_86)
FN:1842,getWalletPublicKey
FNF:88
FNH:76
FNDA:58,isRawWillShape
FNDA:58,mapWill
FNDA:8,mapWillList
FNDA:5,mapEventRecord
FNDA:4,parseCursor
FNDA:4,normalizePositiveInteger
FNDA:35,validateAmount
FNDA:41,validateDays
FNDA:0,getDefaultEnv
FNDA:190,constructor
FNDA:1,(anonymous_10)
FNDA:20,fromEnv
FNDA:20,forNetwork
FNDA:47,createWill
FNDA:9,checkIn
FNDA:6,triggerWill
FNDA:2,emergencyCheckIn
FNDA:1,releaseInheritance
FNDA:3,cancelWill
FNDA:9,updateBeneficiaries
FNDA:7,topUp
FNDA:30,waitForTransaction
FNDA:30,(anonymous_22)
FNDA:61,getWill
FNDA:4,getWillsByOwner
FNDA:4,getWillsByBeneficiary
FNDA:8,paginate
FNDA:9,guardianTrigger
FNDA:6,batch
FNDA:8,(anonymous_29)
FNDA:8,(anonymous_30)
FNDA:6,(anonymous_31)
FNDA:6,(anonymous_32)
FNDA:6,(anonymous_33)
FNDA:6,(anonymous_34)
FNDA:0,buildSep7SigningUri
FNDA:2,previewFee
FNDA:2,(anonymous_37)
FNDA:2,(anonymous_38)
FNDA:3,subscribeToEvents
FNDA:2,(anonymous_40)
FNDA:0,closed
FNDA:0,(anonymous_42)
FNDA:1,(anonymous_43)
FNDA:1,(anonymous_44)
FNDA:1,(anonymous_45)
FNDA:0,(anonymous_46)
FNDA:2,startPollingSubscription
FNDA:0,closed_2
FNDA:2,(anonymous_49)
FNDA:4,(anonymous_50)
FNDA:2,(anonymous_51)
FNDA:1,destroy
FNDA:12,getContractId
FNDA:3,getNetwork
FNDA:143,getSpec
FNDA:64,(anonymous_56)
FNDA:62,(anonymous_57)
FNDA:2,(anonymous_58)
FNDA:65,read
FNDA:65,(anonymous_60)
FNDA:65,(anonymous_61)
FNDA:65,(anonymous_62)
FNDA:51,invoke
FNDA:51,submit
FNDA:45,(anonymous_65)
FNDA:41,(anonymous_66)
FNDA:26,(anonymous_67)
FNDA:0,(anonymous_68)
FNDA:0,(anonymous_69)
FNDA:0,(anonymous_70)
FNDA:8,buildTransaction
FNDA:10,submitSignedTransaction
FNDA:10,(anonymous_73)
FNDA:10,(anonymous_74)
FNDA:7,(anonymous_75)
FNDA:3,refreshSpec
FNDA:1,getNetworkFeeStats
FNDA:1,(anonymous_78)
FNDA:53,assertWalletNetwork
FNDA:313,rpc
FNDA:63,withRetry
FNDA:0,(anonymous_82)
FNDA:8,buildInvocationTransaction
FNDA:8,(anonymous_84)
FNDA:0,prepareInvocation
FNDA:0,(anonymous_86)
FNDA:129,getWalletPublicKey
DA:67,20
DA:70,20
DA:89,20
DA:102,20
DA:321,20
DA:323,20
DA:336,58
DA:337,0
DA:339,58
DA:340,58
DA:357,58
DA:358,0
DA:363,58
DA:380,8
DA:381,0
DA:386,8
DA:410,5
DA:411,5
DA:426,4
DA:427,2
DA:429,2
DA:430,0
DA:432,2
DA:436,4
DA:437,0
DA:439,4
DA:440,0
DA:442,4
DA:454,35
DA:455,8
DA:457,27
DA:458,27
DA:459,2
DA:461,25
DA:478,41
DA:479,7
DA:484,34
DA:488,0
DA:489,0
DA:491,0
DA:528,190
DA:529,190
DA:534,190
DA:535,190
DA:537,4
DA:540,186
DA:543,190
DA:544,190
DA:545,190
DA:546,190
DA:547,190
DA:548,190
DA:549,2
DA:551,184
DA:552,184
DA:553,184
DA:554,190
DA:555,190
DA:556,190
DA:557,190
DA:559,190
DA:560,190
DA:561,190
DA:562,0
DA:564,184
DA:572,190
DA:573,190
DA:574,190
DA:575,190
DA:576,190
DA:577,190
DA:579,190
DA:580,1
DA:581,1
DA:606,1
DA:607,1
DA:608,0
DA:611,1
DA:612,1
DA:613,0
DA:616,1
DA:620,1
DA:671,5
DA:674,5
DA:675,1
DA:681,4
DA:706,47
DA:707,14
DA:712,33
DA:713,5
DA:715,28
DA:716,28
DA:729,5
DA:730,0
DA:732,5
DA:733,5
DA:734,5
DA:735,0
DA:740,5
DA:741,5
DA:749,9
DA:753,9
DA:754,9
DA:759,3
DA:776,6
DA:777,3
DA:785,2
DA:789,2
DA:790,2
DA:795,1
DA:816,1
DA:821,1
DA:829,3
DA:830,3
DA:836,3
DA:837,2
DA:838,2
DA:839,2
DA:842,1
DA:843,1
DA:851,9
DA:852,6
DA:856,3
DA:857,3
DA:862,2
DA:871,7
DA:872,7
DA:877,2
DA:904,30
DA:905,30
DA:909,29
DA:910,4
DA:918,25
DA:924,61
DA:925,61
DA:926,49
DA:927,49
DA:928,49
DA:929,4
DA:932,57
DA:933,44
DA:934,44
DA:935,61
DA:949,4
DA:950,4
DA:967,4
DA:972,4
DA:985,8
DA:986,8
DA:987,4
DA:989,4
DA:990,8
DA:991,8
DA:992,8
DA:993,8
DA:1009,9
DA:1010,9
DA:1015,1
DA:1016,1
DA:1019,1
DA:1020,0
DA:1021,0
DA:1022,0
DA:1023,0
DA:1025,0
DA:1026,0
DA:1032,1
DA:1033,1
DA:1034,1
DA:1035,1
DA:1039,1
DA:1040,1
DA:1041,1
DA:1048,1
DA:1049,1
DA:1050,1
DA:1068,6
DA:1069,0
DA:1071,8
DA:1079,6
DA:1080,8
DA:1081,8
DA:1082,0
DA:1086,6
DA:1087,6
DA:1088,6
DA:1089,6
DA:1090,6
DA:1091,8
DA:1096,6
DA:1097,6
DA:1098,6
DA:1101,6
DA:1105,6
DA:1106,8
DA:1108,6
DA:1110,6
DA:1111,6
DA:1115,6
DA:1122,6
DA:1125,6
DA:1126,4
DA:1127,4
DA:1129,2
DA:1130,2
DA:1132,6
DA:1133,8
DA:1158,0
DA:1159,0
DA:1175,2
DA:1176,2
DA:1177,2
DA:1178,2
DA:1180,2
DA:1181,2
DA:1189,2
DA:1190,2
DA:1193,2
DA:1194,0
DA:1196,2
DA:1198,0
DA:1216,3
DA:1217,3
DA:1219,3
DA:1220,1
DA:1223,2
DA:1224,2
DA:1225,2
DA:1226,2
DA:1228,2
DA:1231,0
DA:1234,0
DA:1235,0
DA:1236,0
DA:1237,0
DA:1244,2
DA:1245,1
DA:1246,1
DA:1247,1
DA:1254,1
DA:1257,2
DA:1258,1
DA:1259,1
DA:1260,1
DA:1261,1
DA:1262,1
DA:1265,0
DA:1269,2
DA:1270,1
DA:1271,0
DA:1272,0
DA:1274,1
DA:1275,1
DA:1276,1
DA:1280,1
DA:1283,2
DA:1284,0
DA:1294,2
DA:1295,2
DA:1296,2
DA:1299,2
DA:1302,0
DA:1305,2
DA:1306,2
DA:1307,2
DA:1311,2
DA:1312,4
DA:1313,4
DA:1314,4
DA:1327,4
DA:1330,4
DA:1331,4
DA:1332,4
DA:1334,4
DA:1335,4
DA:1338,0
DA:1340,4
DA:1341,2
DA:1346,2
DA:1347,2
DA:1352,1
DA:1353,0
DA:1365,12
DA:1377,3
DA:1384,143
DA:1385,84
DA:1386,19
DA:1387,65
DA:1388,1
DA:1392,64
DA:1393,64
DA:1396,62
DA:1398,2
DA:1399,2
DA:1403,143
DA:1412,65
DA:1413,65
DA:1414,63
DA:1415,63
DA:1417,63
DA:1418,63
DA:1426,63
DA:1427,65
DA:1428,65
DA:1432,62
DA:1433,2
DA:1435,60
DA:1436,1
DA:1442,59
DA:1443,6
DA:1445,53
DA:1446,1
DA:1452,52
DA:1454,13
DA:1465,51
DA:1470,51
DA:1471,51
DA:1472,0
DA:1475,51
DA:1476,51
DA:1477,51
DA:1479,51
DA:1480,51
DA:1481,51
DA:1483,51
DA:1484,51
DA:1486,21
DA:1488,21
DA:1495,51
DA:1503,51
DA:1505,21
DA:1507,30
DA:1508,30
DA:1509,30
DA:1511,51
DA:1512,30
DA:1520,30
DA:1536,51
DA:1538,51
DA:1539,51
DA:1540,45
DA:1541,45
DA:1543,51
DA:1544,51
DA:1548,4
DA:1550,41
DA:1554,41
DA:1555,41
DA:1558,41
DA:1559,51
DA:1560,28
DA:1562,28
DA:1565,27
DA:1569,27
DA:1570,1
DA:1575,26
DA:1576,51
DA:1577,26
DA:1580,26
DA:1581,3
DA:1582,3
DA:1590,23
DA:1591,51
DA:1592,0
DA:1597,23
DA:1605,23
DA:1606,23
DA:1609,2
DA:1610,0
DA:1612,0
DA:1613,0
DA:1617,0
DA:1618,0
DA:1620,0
DA:1621,0
DA:1625,0
DA:1628,0
DA:1632,0
DA:1633,0
DA:1638,0
DA:1639,0
DA:1643,0
DA:1644,0
DA:1645,0
DA:1653,0
DA:1655,0
DA:1657,2
DA:1663,21
DA:1665,21
DA:1666,0
DA:1669,21
DA:1676,30
DA:1677,0
DA:1679,30
DA:1688,8
DA:1695,10
DA:1696,10
DA:1697,0
DA:1701,10
DA:1702,10
DA:1703,10
DA:1705,10
DA:1706,2
DA:1707,2
DA:1710,8
DA:1711,1
DA:1716,7
DA:1717,7
DA:1721,7
DA:1722,1
DA:1725,6
DA:1733,3
DA:1734,3
DA:1738,1
DA:1739,1
DA:1740,0
DA:1742,1
DA:1746,53
DA:1747,29
DA:1750,24
DA:1751,24
DA:1752,24
DA:1753,15
DA:1755,9
DA:1756,7
DA:1759,7
DA:1760,7
DA:1771,313
DA:1772,313
DA:1782,63
DA:1785,63
DA:1786,65
DA:1787,65
DA:1789,3
DA:1790,3
DA:1791,1
DA:1793,2
DA:1794,2
DA:1795,0
DA:1800,3
DA:1816,8
DA:1817,8
DA:1818,8
DA:1820,8
DA:1821,8
DA:1822,8
DA:1838,0
DA:1839,0
DA:1843,129
LF:449
LH:384
BRDA:336,0,0,0
BRDA:336,0,1,58
BRDA:336,1,0,58
BRDA:336,1,1,58
BRDA:341,2,0,58
BRDA:341,2,1,58
BRDA:341,2,2,58
BRDA:341,2,3,58
BRDA:341,2,4,58
BRDA:341,2,5,58
BRDA:341,2,6,58
BRDA:341,2,7,58
BRDA:341,2,8,58
BRDA:341,2,9,1
BRDA:341,2,10,58
BRDA:341,2,11,58
BRDA:341,2,12,58
BRDA:357,3,0,0
BRDA:357,3,1,58
BRDA:372,4,0,57
BRDA:372,4,1,1
BRDA:380,5,0,0
BRDA:380,5,1,8
BRDA:410,6,0,5
BRDA:410,6,1,0
BRDA:410,6,2,0
BRDA:412,7,0,5
BRDA:412,7,1,0
BRDA:414,8,0,5
BRDA:414,8,1,0
BRDA:415,9,0,0
BRDA:415,9,1,5
BRDA:416,10,0,5
BRDA:416,10,1,0
BRDA:417,11,0,5
BRDA:417,11,1,3
BRDA:418,12,0,5
BRDA:418,12,1,0
BRDA:419,13,0,5
BRDA:419,13,1,0
BRDA:419,13,2,0
BRDA:426,14,0,2
BRDA:426,14,1,2
BRDA:429,15,0,0
BRDA:429,15,1,2
BRDA:436,16,0,0
BRDA:436,16,1,4
BRDA:439,17,0,0
BRDA:439,17,1,4
BRDA:439,18,0,4
BRDA:439,18,1,4
BRDA:454,19,0,8
BRDA:454,19,1,27
BRDA:458,20,0,2
BRDA:458,20,1,25
BRDA:478,21,0,7
BRDA:478,21,1,34
BRDA:478,22,0,41
BRDA:478,22,1,36
BRDA:488,23,0,0
BRDA:488,23,1,0
BRDA:488,24,0,0
BRDA:488,24,1,0
BRDA:529,25,0,190
BRDA:529,25,1,189
BRDA:537,26,0,4
BRDA:537,26,1,0
BRDA:541,27,0,186
BRDA:541,27,1,95
BRDA:543,28,0,190
BRDA:543,28,1,186
BRDA:545,29,0,190
BRDA:545,29,1,185
BRDA:546,30,0,190
BRDA:546,30,1,149
BRDA:547,31,0,190
BRDA:547,31,1,182
BRDA:548,32,0,2
BRDA:548,32,1,188
BRDA:548,33,0,190
BRDA:548,33,1,186
BRDA:553,34,0,184
BRDA:553,34,1,183
BRDA:555,35,0,190
BRDA:555,35,1,181
BRDA:557,36,0,190
BRDA:557,36,1,182
BRDA:559,37,0,190
BRDA:559,37,1,176
BRDA:560,38,0,190
BRDA:560,38,1,183
BRDA:561,39,0,0
BRDA:561,39,1,190
BRDA:561,40,0,190
BRDA:561,40,1,184
BRDA:565,41,0,184
BRDA:565,41,1,0
BRDA:568,42,0,184
BRDA:568,42,1,0
BRDA:572,43,0,48
BRDA:572,43,1,136
BRDA:574,44,0,190
BRDA:574,44,1,182
BRDA:576,45,0,190
BRDA:576,45,1,181
BRDA:577,46,0,190
BRDA:577,46,1,182
BRDA:579,47,0,1
BRDA:579,47,1,189
BRDA:579,48,0,190
BRDA:579,48,1,136
BRDA:605,49,0,1
BRDA:607,50,0,0
BRDA:607,50,1,1
BRDA:607,51,0,1
BRDA:607,51,1,1
BRDA:612,52,0,0
BRDA:612,52,1,1
BRDA:616,53,0,1
BRDA:616,53,1,0
BRDA:623,54,0,1
BRDA:623,54,1,0
BRDA:624,55,0,0
BRDA:624,55,1,1
BRDA:625,56,0,1
BRDA:625,56,1,0
BRDA:626,57,0,1
BRDA:626,57,1,0
BRDA:627,58,0,1
BRDA:627,58,1,0
BRDA:674,59,0,1
BRDA:674,59,1,4
BRDA:674,60,0,5
BRDA:674,60,1,2
BRDA:684,61,0,4
BRDA:684,61,1,2
BRDA:706,62,0,14
BRDA:706,62,1,33
BRDA:712,63,0,5
BRDA:712,63,1,28
BRDA:729,64,0,0
BRDA:729,64,1,5
BRDA:734,65,0,0
BRDA:734,65,1,5
BRDA:836,66,0,2
BRDA:836,66,1,1
BRDA:851,67,0,6
BRDA:851,67,1,3
BRDA:909,68,0,4
BRDA:909,68,1,25
BRDA:912,69,0,4
BRDA:912,69,1,2
BRDA:913,70,0,4
BRDA:913,70,1,4
BRDA:925,71,0,49
BRDA:925,71,1,12
BRDA:928,72,0,4
BRDA:928,72,1,45
BRDA:986,73,0,4
BRDA:986,73,1,4
BRDA:986,74,0,8
BRDA:986,74,1,4
BRDA:986,74,2,0
BRDA:989,75,0,4
BRDA:989,75,1,0
BRDA:993,76,0,3
BRDA:993,76,1,1
BRDA:1019,77,0,0
BRDA:1019,77,1,1
BRDA:1019,78,0,1
BRDA:1019,78,1,0
BRDA:1021,79,0,0
BRDA:1021,79,1,0
BRDA:1022,80,0,0
BRDA:1022,80,1,0
BRDA:1023,81,0,0
BRDA:1023,81,1,0
BRDA:1025,82,0,0
BRDA:1025,82,1,0
BRDA:1032,83,0,1
BRDA:1032,83,1,0
BRDA:1032,84,0,1
BRDA:1032,84,1,1
BRDA:1032,84,2,1
BRDA:1039,85,0,1
BRDA:1039,85,1,0
BRDA:1039,86,0,1
BRDA:1039,86,1,1
BRDA:1040,87,0,1
BRDA:1040,87,1,1
BRDA:1041,88,0,1
BRDA:1041,88,1,1
BRDA:1068,89,0,0
BRDA:1068,89,1,6
BRDA:1081,90,0,0
BRDA:1081,90,1,8
BRDA:1129,91,0,2
BRDA:1129,91,1,0
BRDA:1161,92,0,0
BRDA:1161,92,1,0
BRDA:1193,93,0,0
BRDA:1193,93,1,2
BRDA:1214,94,0,3
BRDA:1217,95,0,3
BRDA:1217,95,1,2
BRDA:1217,95,2,2
BRDA:1219,96,0,1
BRDA:1219,96,1,2
BRDA:1234,97,0,0
BRDA:1234,97,1,0
BRDA:1245,98,0,0
BRDA:1245,98,1,1
BRDA:1258,99,0,0
BRDA:1258,99,1,1
BRDA:1261,100,0,1
BRDA:1261,100,1,0
BRDA:1265,101,0,0
BRDA:1265,101,1,0
BRDA:1270,102,0,0
BRDA:1270,102,1,1
BRDA:1294,103,0,2
BRDA:1294,103,1,1
BRDA:1305,104,0,0
BRDA:1305,104,1,2
BRDA:1307,105,0,2
BRDA:1307,105,1,0
BRDA:1312,106,0,0
BRDA:1312,106,1,4
BRDA:1330,107,0,4
BRDA:1330,107,1,0
BRDA:1331,108,0,0
BRDA:1331,108,1,4
BRDA:1334,109,0,4
BRDA:1334,109,1,0
BRDA:1338,110,0,0
BRDA:1338,110,1,0
BRDA:1340,111,0,2
BRDA:1340,111,1,2
BRDA:1352,112,0,0
BRDA:1352,112,1,1
BRDA:1384,113,0,84
BRDA:1384,113,1,59
BRDA:1385,114,0,19
BRDA:1385,114,1,65
BRDA:1387,115,0,1
BRDA:1387,115,1,64
BRDA:1432,116,0,2
BRDA:1432,116,1,60
BRDA:1435,117,0,1
BRDA:1435,117,1,59
BRDA:1442,118,0,6
BRDA:1442,118,1,53
BRDA:1445,119,0,1
BRDA:1445,119,1,52
BRDA:1445,120,0,53
BRDA:1445,120,1,52
BRDA:1471,121,0,0
BRDA:1471,121,1,51
BRDA:1481,122,0,51
BRDA:1481,122,1,16
BRDA:1490,123,0,21
BRDA:1490,123,1,5
BRDA:1507,124,0,30
BRDA:1507,124,1,0
BRDA:1508,125,0,30
BRDA:1508,125,1,11
BRDA:1508,126,0,30
BRDA:1508,126,1,0
BRDA:1511,127,0,30
BRDA:1511,127,1,21
BRDA:1569,128,0,1
BRDA:1569,128,1,26
BRDA:1580,129,0,3
BRDA:1580,129,1,23
BRDA:1581,130,0,3
BRDA:1581,130,1,0
BRDA:1585,131,0,3
BRDA:1585,131,1,3
BRDA:1591,132,0,0
BRDA:1591,132,1,51
BRDA:1597,133,0,0
BRDA:1597,133,1,23
BRDA:1609,134,0,0
BRDA:1609,134,1,2
BRDA:1632,135,0,0
BRDA:1632,135,1,0
BRDA:1643,136,0,0
BRDA:1643,136,1,0
BRDA:1644,137,0,0
BRDA:1644,137,1,0
BRDA:1648,138,0,0
BRDA:1648,138,1,0
BRDA:1665,139,0,0
BRDA:1665,139,1,21
BRDA:1673,140,0,0
BRDA:1673,140,1,21
BRDA:1676,141,0,0
BRDA:1676,141,1,30
BRDA:1676,142,0,30
BRDA:1676,142,1,30
BRDA:1696,143,0,0
BRDA:1696,143,1,10
BRDA:1705,144,0,2
BRDA:1705,144,1,8
BRDA:1706,145,0,2
BRDA:1706,145,1,1
BRDA:1710,146,0,1
BRDA:1710,146,1,7
BRDA:1721,147,0,1
BRDA:1721,147,1,6
BRDA:1739,148,0,0
BRDA:1739,148,1,1
BRDA:1746,149,0,29
BRDA:1746,149,1,24
BRDA:1752,150,0,15
BRDA:1752,150,1,9
BRDA:1755,151,0,7
BRDA:1755,151,1,2
BRDA:1759,152,0,7
BRDA:1759,152,1,0
BRDA:1772,153,0,313
BRDA:1772,153,1,313
BRDA:1790,154,0,1
BRDA:1790,154,1,2
BRDA:1794,155,0,0
BRDA:1794,155,1,2
BRDA:1801,156,0,0
BRDA:1801,156,1,1
BRDA:1802,157,0,1
BRDA:1802,157,1,0
BRDA:1820,158,0,8
BRDA:1820,158,1,7
BRDA:1838,159,0,0
BRDA:1838,159,1,0
BRF:334
BRH:238
end_of_record
TN:
SF:src/albedo.ts
FN:17,passphraseToAlbedoNetwork
FN:28,albedoNetworkToPassphrase
FN:46,connectAlbedo
FN:72,connectAlbedoWithNetwork
FN:102,getAlbedoPublicKey
FN:120,signAlbedoTransaction
FN:144,_resetAlbedoConnection
FNF:7
FNH:7
FNDA:9,passphraseToAlbedoNetwork
FNDA:9,albedoNetworkToPassphrase
FNDA:10,connectAlbedo
FNDA:4,connectAlbedoWithNetwork
FNDA:3,getAlbedoPublicKey
FNDA:6,signAlbedoTransaction
FNDA:16,_resetAlbedoConnection
DA:18,9
DA:19,6
DA:21,0
DA:29,9
DA:30,9
DA:31,0
DA:47,10
DA:52,9
DA:53,10
DA:55,10
DA:56,10
DA:58,10
DA:75,4
DA:77,3
DA:81,3
DA:85,4
DA:86,4
DA:88,4
DA:103,3
DA:104,1
DA:108,2
DA:124,6
DA:129,6
DA:133,6
DA:135,5
DA:145,16
DA:146,16
LF:27
LH:25
BRDA:18,0,0,3
BRDA:18,0,1,6
BRDA:19,1,0,6
BRDA:19,1,1,0
BRDA:29,2,0,0
BRDA:29,2,1,9
BRDA:30,3,0,9
BRDA:30,3,1,0
BRDA:52,4,0,9
BRDA:52,4,1,9
BRDA:81,5,0,3
BRDA:81,5,1,0
BRDA:81,6,0,3
BRDA:81,6,1,1
BRDA:103,7,0,1
BRDA:103,7,1,2
BRDA:129,8,0,5
BRDA:129,8,1,1
BRF:18
BRH:14
end_of_record
TN:
SF:src/cache.ts
FN:31,serializeCacheValue
FN:32,(anonymous_1)
FN:40,deserializeCacheValue
FN:41,(anonymous_3)
FN:56,stableStringify
FN:57,(anonymous_5)
FN:67,(anonymous_6)
FN:77,createReadCacheKey
FN:88,constructor
FN:95,ready
FN:99,get
FN:113,set
FN:125,invalidateByWillId
FN:135,(anonymous_13)
FN:138,clear
FN:143,delete
FN:148,hydrate
FN:171,toPersistedEntry
FN:184,readAll
FN:188,write
FN:192,delete_2
FN:196,clear_2
FN:205,constructor_2
FN:210,readAll_2
FN:220,write_2
FN:222,(anonymous_25)
FN:226,delete_3
FN:230,(anonymous_27)
FN:234,clear_3
FN:244,constructor_3
FN:250,readAll_3
FN:255,write_3
FN:260,delete_4
FN:265,clear_4
FN:270,open
FN:273,(anonymous_35)
FN:274,(anonymous_36)
FN:275,(anonymous_37)
FN:281,(anonymous_38)
FN:285,getStore
FN:291,request
FN:292,(anonymous_41)
FN:293,(anonymous_42)
FN:294,(anonymous_43)
FN:299,invalidateByWillId_2
FNF:45
FNH:19
FNDA:1,serializeCacheValue
FNDA:16,(anonymous_1)
FNDA:1,deserializeCacheValue
FNDA:16,(anonymous_3)
FNDA:61,stableStringify
FNDA:122,(anonymous_5)
FNDA:0,(anonymous_6)
FNDA:61,createReadCacheKey
FNDA:139,constructor
FNDA:49,ready
FNDA:55,get
FNDA:41,set
FNDA:1,invalidateByWillId
FNDA:1,(anonymous_13)
FNDA:1,clear
FNDA:1,delete
FNDA:139,hydrate
FNDA:1,toPersistedEntry
FNDA:2,readAll
FNDA:1,write
FNDA:0,delete_2
FNDA:0,clear_2
FNDA:0,constructor_2
FNDA:0,readAll_2
FNDA:0,write_2
FNDA:0,(anonymous_25)
FNDA:0,delete_3
FNDA:0,(anonymous_27)
FNDA:0,clear_3
FNDA:0,constructor_3
FNDA:0,readAll_3
FNDA:0,write_3
FNDA:0,delete_4
FNDA:0,clear_4
FNDA:0,open
FNDA:0,(anonymous_35)
FNDA:0,(anonymous_36)
FNDA:0,(anonymous_37)
FNDA:0,(anonymous_38)
FNDA:0,getStore
FNDA:0,request
FNDA:0,(anonymous_41)
FNDA:0,(anonymous_42)
FNDA:0,(anonymous_43)
FNDA:0,invalidateByWillId_2
DA:29,21
DA:32,1
DA:33,16
DA:34,0
DA:36,16
DA:41,1
DA:42,16
DA:50,0
DA:52,16
DA:57,61
DA:58,122
DA:59,0
DA:62,122
DA:63,0
DA:66,122
DA:67,61
DA:68,0
DA:70,61
DA:73,61
DA:78,61
DA:82,139
DA:89,139
DA:90,139
DA:91,139
DA:92,139
DA:96,49
DA:100,55
DA:101,55
DA:102,47
DA:105,8
DA:106,1
DA:107,1
DA:110,7
DA:114,41
DA:121,41
DA:122,41
DA:126,1
DA:128,1
DA:129,1
DA:130,1
DA:131,1
DA:135,1
DA:139,1
DA:140,1
DA:144,1
DA:145,1
DA:149,139
DA:150,137
DA:153,2
DA:154,2
DA:156,2
DA:157,1
DA:158,0
DA:159,0
DA:162,1
DA:172,1
DA:182,1
DA:185,2
DA:189,1
DA:193,0
DA:197,0
DA:206,0
DA:207,0
DA:211,0
DA:212,0
DA:213,0
DA:216,0
DA:217,0
DA:221,0
DA:222,0
DA:223,0
DA:227,0
DA:228,0
DA:230,0
DA:235,0
DA:245,0
DA:246,0
DA:247,0
DA:251,0
DA:252,0
DA:256,0
DA:257,0
DA:261,0
DA:262,0
DA:266,0
DA:267,0
DA:271,0
DA:273,0
DA:274,0
DA:275,0
DA:276,0
DA:277,0
DA:278,0
DA:281,0
DA:286,0
DA:287,0
DA:288,0
DA:292,0
DA:293,0
DA:294,0
LF:100
LH:52
BRDA:33,0,0,0
BRDA:33,0,1,16
BRDA:42,1,0,0
BRDA:42,1,1,16
BRDA:43,2,0,16
BRDA:43,2,1,14
BRDA:43,2,2,4
BRDA:43,2,3,0
BRDA:43,2,4,0
BRDA:43,2,5,0
BRDA:58,3,0,0
BRDA:58,3,1,122
BRDA:62,4,0,0
BRDA:62,4,1,122
BRDA:66,5,0,61
BRDA:66,5,1,61
BRDA:66,6,0,122
BRDA:66,6,1,122
BRDA:88,7,0,139
BRDA:89,8,0,139
BRDA:89,8,1,133
BRDA:90,9,0,139
BRDA:90,9,1,137
BRDA:101,10,0,47
BRDA:101,10,1,8
BRDA:105,11,0,1
BRDA:105,11,1,7
BRDA:105,12,0,8
BRDA:105,12,1,8
BRDA:113,13,0,41
BRDA:117,14,0,41
BRDA:117,14,1,0
BRDA:130,15,0,1
BRDA:130,15,1,0
BRDA:149,16,0,137
BRDA:149,16,1,2
BRDA:157,17,0,0
BRDA:157,17,1,1
BRDA:157,18,0,1
BRDA:157,18,1,1
BRDA:205,19,0,0
BRDA:207,20,0,0
BRDA:207,20,1,0
BRDA:212,21,0,0
BRDA:212,21,1,0
BRDA:217,22,0,0
BRDA:217,22,1,0
BRDA:244,23,0,0
BRDA:245,24,0,0
BRDA:245,24,1,0
BRDA:246,25,0,0
BRDA:246,25,1,0
BRDA:274,26,0,0
BRDA:274,26,1,0
BRDA:277,27,0,0
BRDA:277,27,1,0
BRDA:293,28,0,0
BRDA:293,28,1,0
BRF:58
BRH:30
end_of_record
TN:
SF:src/debugLogger.ts
FN:10,constructor
FN:12,logOperationBuild
FN:26,logSimulation
FN:48,logSubmission
FN:62,logPoll
FN:76,logSuccess
FN:90,logError
FN:106,log
FNF:8
FNH:6
FNDA:184,constructor
FNDA:51,logOperationBuild
FNDA:28,logSimulation
FNDA:26,logSubmission
FNDA:0,logPoll
FNDA:21,logSuccess
FNDA:30,logError
FNDA:0,log
DA:10,184
DA:13,51
DA:15,0
DA:23,51
DA:32,28
DA:34,0
DA:45,0
DA:49,26
DA:51,0
DA:59,0
DA:63,0
DA:65,0
DA:73,0
DA:77,21
DA:79,0
DA:87,0
DA:91,30
DA:93,0
DA:95,30
DA:103,30
DA:109,0
LF:21
LH:9
BRDA:13,0,0,51
BRDA:13,0,1,0
BRDA:20,1,0,0
BRDA:20,1,1,0
BRDA:32,2,0,28
BRDA:32,2,1,0
BRDA:49,3,0,26
BRDA:49,3,1,0
BRDA:63,4,0,0
BRDA:63,4,1,0
BRDA:77,5,0,21
BRDA:77,5,1,0
BRDA:91,6,0,30
BRDA:91,6,1,0
BRDA:93,7,0,0
BRDA:93,7,1,0
BRF:16
BRH:5
end_of_record
TN:
SF:src/errors.ts
FN:3,constructor
FN:18,constructor_2
FN:31,constructor_3
FN:47,constructor_4
FN:64,constructor_5
FN:85,constructor_6
FN:104,constructor_7
FN:124,constructor_8
FN:140,constructor_9
FN:152,constructor_10
FN:164,defineContractError
FN:170,constructor_11
FN:245,errorText
FN:275,constructor_12
FN:296,constructor_13
FN:316,constructor_14
FN:342,constructor_15
FN:363,constructor_16
FN:384,constructor_17
FN:391,mapContractError
FNF:20
FNH:17
FNDA:111,constructor
FNDA:13,constructor_2
FNDA:1,constructor_3
FNDA:0,constructor_4
FNDA:4,constructor_5
FNDA:5,constructor_6
FNDA:5,constructor_7
FNDA:20,constructor_8
FNDA:7,constructor_9
FNDA:22,constructor_10
FNDA:252,defineContractError
FNDA:22,constructor_11
FNDA:57,errorText
FNDA:2,constructor_12
FNDA:0,constructor_13
FNDA:4,constructor_14
FNDA:7,constructor_15
FNDA:0,constructor_16
FNDA:1,constructor_17
FNDA:52,mapContractError
DA:4,111
DA:5,111
DA:19,13
DA:23,13
DA:32,1
DA:33,1
DA:48,0
DA:49,0
DA:65,4
DA:70,4
DA:86,5
DA:90,5
DA:91,5
DA:105,5
DA:110,5
DA:125,20
DA:126,20
DA:141,7
DA:145,7
DA:146,7
DA:153,22
DA:154,22
DA:158,22
DA:169,252
DA:171,22
DA:172,22
DA:177,21
DA:178,21
DA:179,21
DA:184,21
DA:189,21
DA:194,21
DA:199,21
DA:204,21
DA:209,21
DA:214,21
DA:219,21
DA:224,21
DA:230,21
DA:246,57
DA:247,57
DA:249,0
DA:250,0
DA:252,0
DA:253,0
DA:255,0
DA:276,2
DA:277,2
DA:297,0
DA:298,0
DA:317,4
DA:322,4
DA:343,7
DA:344,7
DA:364,0
DA:365,0
DA:385,1
DA:386,1
DA:392,52
DA:393,0
DA:395,52
DA:397,52
DA:399,52
DA:400,52
DA:401,52
LF:65
LH:53
BRDA:246,0,0,57
BRDA:246,0,1,0
BRDA:247,1,0,52
BRDA:247,1,1,5
BRDA:249,2,0,0
BRDA:249,2,1,0
BRDA:392,3,0,0
BRDA:392,3,1,52
BRDA:392,4,0,52
BRDA:392,4,1,52
BRDA:397,5,0,52
BRDA:397,5,1,30
BRDA:400,6,0,30
BRDA:400,6,1,22
BRDA:401,7,0,30
BRDA:401,7,1,22
BRDA:401,8,0,30
BRDA:401,8,1,0
BRF:18
BRH:13
end_of_record
TN:
SF:src/events.ts
FN:14,unsubscribeFromWillEvents
FNF:1
FNH:0
FNDA:0,unsubscribeFromWillEvents
DA:15,0
DA:16,0
DA:17,0
DA:20,0
LF:4
LH:0
BRDA:15,0,0,0
BRDA:15,0,1,0
BRF:2
BRH:0
end_of_record
TN:
SF:src/feeBump.ts
FN:59,buildFeeBumpXdr
FN:81,signFeeBumpXdr
FN:99,submitFeeBumpTransaction
FN:135,submitFeeBump
FNF:4
FNH:1
FNDA:0,buildFeeBumpXdr
FNDA:8,signFeeBumpXdr
FNDA:0,submitFeeBumpTransaction
FNDA:0,submitFeeBump
DA:17,1
DA:60,0
DA:62,0
DA:67,0
DA:74,0
DA:86,8
DA:87,8
DA:89,8
DA:90,8
DA:91,8
DA:93,8
DA:102,0
DA:103,0
DA:107,0
DA:112,0
DA:113,0
DA:114,0
DA:117,0
DA:118,0
DA:119,0
DA:122,0
DA:141,0
DA:142,0
DA:143,0
DA:145,0
DA:152,0
DA:154,0
LF:27
LH:7
BRDA:113,0,0,0
BRDA:113,0,1,0
BRDA:118,1,0,0
BRDA:118,1,1,0
BRDA:149,2,0,0
BRDA:149,2,1,0
BRF:6
BRH:0
end_of_record
TN:
SF:src/hooks.ts
FN:77,onBeforeInvoke
FN:82,onAfterInvoke
FN:87,offBeforeInvoke
FN:93,offAfterInvoke
FN:99,clear
FN:105,runBeforeInvoke
FN:114,runAfterInvoke
FN:121,beforeInvokeCount
FN:126,afterInvokeCount
FNF:9
FNH:9
FNDA:11,onBeforeInvoke
FNDA:7,onAfterInvoke
FNDA:1,offBeforeInvoke
FNDA:1,offAfterInvoke
FNDA:1,clear
FNDA:62,runBeforeInvoke
FNDA:60,runAfterInvoke
FNDA:4,beforeInvokeCount
FNDA:3,afterInvokeCount
DA:71,194
DA:78,11
DA:83,7
DA:88,1
DA:89,1
DA:94,1
DA:95,1
DA:100,1
DA:101,1
DA:106,62
DA:107,7
DA:108,7
DA:110,61
DA:115,60
DA:116,3
DA:122,4
DA:127,3
LF:17
LH:17
BRDA:89,0,0,1
BRDA:89,0,1,0
BRDA:95,1,0,1
BRDA:95,1,1,0
BRDA:108,2,0,1
BRDA:108,2,1,6
BRF:6
BRH:4
end_of_record
TN:
SF:src/inFlightTracker.ts
FN:12,getKey
FN:17,isInFlight
FN:21,getInFlightPromise
FN:26,track
FN:38,(anonymous_4)
FN:46,clear
FN:53,abort
FNF:7
FNH:7
FNDA:35,getKey
FNDA:20,isInFlight
FNDA:2,getInFlightPromise
FNDA:12,track
FNDA:8,(anonymous_4)
FNDA:1,clear
FNDA:1,abort
DA:10,8
DA:13,35
DA:14,35
DA:18,20
DA:22,2
DA:23,2
DA:31,12
DA:33,12
DA:34,1
DA:37,11
DA:38,11
DA:39,8
DA:42,11
DA:43,11
DA:47,1
DA:48,2
DA:50,1
DA:54,1
DA:55,1
DA:56,1
DA:57,1
DA:58,1
LF:22
LH:22
BRDA:13,0,0,4
BRDA:13,0,1,31
BRDA:33,1,0,1
BRDA:33,1,1,11
BRDA:56,2,0,1
BRDA:56,2,1,0
BRF:6
BRH:5
end_of_record
TN:
SF:src/index.ts
FNF:0
FNH:0
LF:0
LH:0
BRF:0
BRH:0
end_of_record
TN:
SF:src/multisig.ts
FN:60,constructor
FN:70,transactionXdr
FN:75,networkPassphrase
FN:80,threshold
FN:85,signatures
FN:90,signatureCount
FN:95,isReady
FN:103,addSignature
FN:104,(anonymous_8)
FN:111,reset
FN:120,build
FN:153,toJSON
FN:168,fromJSON
FN:187,buildMultisigTransactionXdr
FN:197,(anonymous_14)
FN:228,signWithSecretKey
FNF:16
FNH:12
FNDA:10,constructor
FNDA:1,transactionXdr
FNDA:1,networkPassphrase
FNDA:2,threshold
FNDA:3,signatures
FNDA:6,signatureCount
FNDA:7,isReady
FNDA:12,addSignature
FNDA:4,(anonymous_8)
FNDA:1,reset
FNDA:0,build
FNDA:1,toJSON
FNDA:1,fromJSON
FNDA:0,buildMultisigTransactionXdr
FNDA:0,(anonymous_14)
FNDA:0,signWithSecretKey
DA:58,10
DA:61,10
DA:62,1
DA:64,9
DA:65,9
DA:66,9
DA:71,1
DA:76,1
DA:81,2
DA:86,3
DA:91,6
DA:96,7
DA:104,12
DA:105,1
DA:107,11
DA:112,1
DA:121,0
DA:122,0
DA:127,0
DA:128,0
DA:132,0
DA:135,0
DA:136,0
DA:137,0
DA:140,0
DA:141,0
DA:142,0
DA:143,0
DA:146,0
DA:159,1
DA:174,1
DA:175,1
DA:176,1
DA:178,1
DA:197,0
DA:198,0
DA:201,0
DA:205,0
DA:206,0
DA:207,0
DA:208,0
DA:210,0
DA:211,0
DA:219,0
DA:220,0
DA:233,0
DA:234,0
DA:236,0
DA:237,0
DA:238,0
LF:50
LH:21
BRDA:61,0,0,1
BRDA:61,0,1,9
BRDA:104,1,0,1
BRDA:104,1,1,11
BRDA:121,2,0,0
BRDA:121,2,1,0
BRDA:128,3,0,0
BRDA:128,3,1,0
BRDA:129,4,0,0
BRDA:129,4,1,0
BRDA:136,5,0,0
BRDA:136,5,1,0
BRDA:140,6,0,0
BRDA:140,6,1,0
BRDA:141,7,0,0
BRDA:141,7,1,0
BRDA:212,8,0,0
BRDA:212,8,1,0
BRDA:216,9,0,0
BRDA:216,9,1,0
BRF:20
BRH:4
end_of_record
TN:
SF:src/requestQueue.ts
FN:27,constructor
FN:38,enqueue
FN:42,(anonymous_2)
FN:49,drain
FN:75,(anonymous_4)
FN:79,execute
FN:87,(anonymous_6)
FN:88,(anonymous_7)
FNF:8
FNH:7
FNDA:186,constructor
FNDA:309,enqueue
FNDA:309,(anonymous_2)
FNDA:618,drain
FNDA:0,(anonymous_4)
FNDA:309,execute
FNDA:303,(anonymous_6)
FNDA:1,(anonymous_7)
DA:22,186
DA:23,186
DA:24,186
DA:28,186
DA:29,186
DA:30,186
DA:31,0
DA:33,186
DA:34,0
DA:39,309
DA:40,0
DA:42,309
DA:43,309
DA:44,309
DA:45,309
DA:50,618
DA:51,0
DA:52,0
DA:54,618
DA:55,618
DA:56,0
DA:58,618
DA:63,309
DA:64,309
DA:65,309
DA:66,309
DA:67,309
DA:69,618
DA:74,0
DA:75,0
DA:81,309
DA:83,309
DA:88,303
DA:89,1
DA:94,279
DA:96,24
DA:98,309
DA:99,309
DA:100,309
LF:39
LH:31
BRDA:27,0,0,186
BRDA:28,1,0,186
BRDA:28,1,1,185
BRDA:29,2,0,186
BRDA:29,2,1,185
BRDA:30,3,0,0
BRDA:30,3,1,186
BRDA:30,4,0,186
BRDA:30,4,1,186
BRDA:33,5,0,0
BRDA:33,5,1,186
BRDA:33,6,0,186
BRDA:33,6,1,186
BRDA:39,7,0,0
BRDA:39,7,1,309
BRDA:39,8,0,309
BRDA:39,8,1,303
BRDA:39,8,2,303
BRDA:50,9,0,0
BRDA:50,9,1,618
BRDA:55,10,0,618
BRDA:55,10,1,513
BRDA:59,11,0,618
BRDA:59,11,1,918
BRDA:59,11,2,918
BRDA:64,12,0,0
BRDA:64,12,1,309
BRDA:69,13,0,0
BRDA:69,13,1,618
BRDA:70,14,0,618
BRDA:70,14,1,7
BRDA:70,14,2,0
BRDA:83,15,0,6
BRDA:83,15,1,303
BRDA:98,16,0,303
BRDA:98,16,1,6
BRF:36
BRH:29
end_of_record
TN:
SF:src/rpc.ts
FN:4,isRetryableRpcConnectionError
FN:21,(anonymous_1)
FN:35,constructor
FN:37,(anonymous_3)
FN:38,(anonymous_4)
FN:46,(anonymous_5)
FN:47,(anonymous_6)
FN:52,withFailover
FN:77,getActiveRpcUrl
FNF:9
FNH:9
FNDA:5,isRetryableRpcConnectionError
FNDA:41,(anonymous_1)
FNDA:186,constructor
FNDA:188,(anonymous_3)
FNDA:188,(anonymous_4)
FNDA:91,(anonymous_5)
FNDA:97,(anonymous_6)
FNDA:82,withFailover
FNDA:1,getActiveRpcUrl
DA:5,5
DA:6,0
DA:9,5
DA:10,5
DA:21,41
DA:27,186
DA:36,186
DA:37,188
DA:38,188
DA:40,186
DA:41,0
DA:44,186
DA:45,186
DA:46,91
DA:48,97
DA:55,82
DA:56,83
DA:57,83
DA:59,83
DA:60,0
DA:63,83
DA:64,83
DA:66,5
DA:67,5
DA:68,4
DA:70,1
DA:74,0
DA:78,1
DA:79,1
DA:80,0
DA:82,1
LF:31
LH:26
BRDA:5,0,0,0
BRDA:5,0,1,5
BRDA:40,1,0,0
BRDA:40,1,1,186
BRDA:45,2,0,91
BRDA:45,2,1,95
BRDA:59,3,0,0
BRDA:59,3,1,83
BRDA:59,4,0,83
BRDA:59,4,1,83
BRDA:67,5,0,4
BRDA:67,5,1,1
BRDA:67,6,0,5
BRDA:67,6,1,1
BRDA:74,7,0,0
BRDA:74,7,1,0
BRDA:79,8,0,0
BRDA:79,8,1,1
BRF:18
BRH:12
end_of_record
TN:
SF:src/sep7.ts
FN:15,normalizeSep7Params
FN:37,buildSep7TxUri
FN:66,parseSep7Callback
FNF:3
FNH:3
FNDA:2,normalizeSep7Params
FNDA:1,buildSep7TxUri
FNDA:1,parseSep7Callback
DA:16,2
DA:17,0
DA:20,2
DA:21,1
DA:22,1
DA:25,1
DA:26,1
DA:27,0
DA:30,1
DA:31,1
DA:34,0
DA:38,1
DA:39,0
DA:42,1
DA:43,0
DA:46,1
DA:51,1
DA:52,1
DA:55,1
DA:56,1
DA:59,1
DA:60,0
DA:63,1
DA:67,1
DA:69,1
DA:74,1
DA:75,0
DA:78,1
DA:79,1
DA:80,1
DA:81,1
DA:82,1
DA:84,1
DA:85,1
DA:86,1
DA:87,1
DA:88,1
LF:37
LH:30
BRDA:16,0,0,0
BRDA:16,0,1,2
BRDA:20,1,0,1
BRDA:20,1,1,1
BRDA:21,2,0,1
BRDA:21,2,1,0
BRDA:26,3,0,0
BRDA:26,3,1,1
BRDA:30,4,0,1
BRDA:30,4,1,0
BRDA:30,5,0,1
BRDA:30,5,1,0
BRDA:38,6,0,0
BRDA:38,6,1,1
BRDA:42,7,0,0
BRDA:42,7,1,1
BRDA:51,8,0,1
BRDA:51,8,1,0
BRDA:55,9,0,1
BRDA:55,9,1,0
BRDA:59,10,0,0
BRDA:59,10,1,1
BRDA:69,11,0,1
BRDA:69,11,1,0
BRDA:69,11,2,0
BRDA:69,11,3,0
BRDA:74,12,0,0
BRDA:74,12,1,1
BRDA:79,13,0,1
BRDA:79,13,1,0
BRDA:80,14,0,1
BRDA:80,14,1,0
BRDA:81,15,0,1
BRDA:81,15,1,0
BRDA:82,16,0,1
BRDA:82,16,1,1
BRDA:82,16,2,1
BRDA:85,17,0,1
BRDA:85,17,1,0
BRDA:86,18,0,1
BRDA:86,18,1,0
BRDA:87,19,0,0
BRDA:87,19,1,1
BRF:43
BRH:23
end_of_record
TN:
SF:src/txValidation.ts
FN:10,readOperationsFromEnvelope
FN:54,assertPreparedTransactionMatchesIntendedOperation
FNF:2
FNH:2
FNDA:16,readOperationsFromEnvelope
FNDA:8,assertPreparedTransactionMatchesIntendedOperation
DA:14,16
DA:15,16
DA:27,16
DA:28,16
DA:29,16
DA:35,0
DA:36,0
DA:37,0
DA:43,0
DA:44,0
DA:45,0
DA:51,0
DA:57,8
DA:61,8
DA:66,8
DA:67,0
DA:72,8
DA:73,10
DA:74,10
DA:75,10
DA:76,0
DA:79,10
DA:80,1
LF:23
LH:14
BRDA:27,0,0,16
BRDA:27,0,1,0
BRDA:35,1,0,0
BRDA:35,1,1,0
BRDA:43,2,0,0
BRDA:43,2,1,0
BRDA:66,3,0,0
BRDA:66,3,1,8
BRDA:75,4,0,0
BRDA:75,4,1,10
BRDA:75,5,0,10
BRDA:75,5,1,10
BRDA:79,6,0,1
BRDA:79,6,1,9
BRF:14
BRH:7
end_of_record
TN:
SF:src/types.ts
FN:10,(anonymous_0)
FN:47,(anonymous_1)
FNF:2
FNH:2
FNDA:24,(anonymous_0)
FNDA:24,(anonymous_1)
DA:10,24
DA:12,24
DA:14,24
DA:16,24
DA:18,24
DA:20,24
DA:22,24
DA:24,24
DA:26,24
DA:28,24
DA:30,24
DA:32,24
DA:34,24
DA:47,24
DA:49,24
DA:51,24
DA:53,24
DA:55,24
LF:18
LH:18
BRF:0
BRH:0
end_of_record
TN:
SF:src/utils.ts
FN:21,formatUSDC
FN:38,toStroops
FN:60,getTimeUntilCheckin
FN:66,isCheckinDue
FN:84,calculateShares
FN:91,(anonymous_5)
FN:102,formatDeadline
FN:135,validateBeneficiaries
FN:139,(anonymous_8)
FN:142,(anonymous_9)
FN:147,isGuardian
FN:152,isBeneficiary
FN:153,(anonymous_12)
FN:177,getNextActionableState
FN:208,validateGuardians
FNF:15
FNH:15
FNDA:7,formatUSDC
FNDA:7,toStroops
FNDA:10,getTimeUntilCheckin
FNDA:8,isCheckinDue
FNDA:26,calculateShares
FNDA:87,(anonymous_5)
FNDA:1,formatDeadline
FNDA:62,validateBeneficiaries
FNDA:73,(anonymous_8)
FNDA:67,(anonymous_9)
FNDA:15,isGuardian
FNDA:2,isBeneficiary
FNDA:3,(anonymous_12)
FNDA:12,getNextActionableState
FNDA:7,validateGuardians
DA:5,23
DA:6,23
DA:14,23
DA:22,7
DA:23,7
DA:24,7
DA:25,7
DA:26,7
DA:28,7
DA:29,7
DA:31,7
DA:39,7
DA:40,7
DA:41,2
DA:44,5
DA:45,5
DA:46,7
DA:47,7
DA:49,7
DA:50,7
DA:51,7
DA:53,7
DA:61,10
DA:62,10
DA:67,8
DA:88,26
DA:89,26
DA:91,26
DA:92,87
DA:93,87
DA:96,87
DA:97,87
DA:103,1
DA:119,23
DA:128,23
DA:136,62
DA:137,12
DA:139,73
DA:140,5
DA:142,67
DA:143,45
DA:148,15
DA:153,3
DA:181,12
DA:182,12
DA:184,12
DA:186,12
DA:188,12
DA:209,7
DA:210,1
DA:212,6
DA:213,6
DA:214,1
DA:216,5
DA:217,1
DA:219,4
LF:56
LH:56
BRDA:23,0,0,1
BRDA:23,0,1,6
BRDA:31,1,0,1
BRDA:31,1,1,6
BRDA:40,2,0,2
BRDA:40,2,1,5
BRDA:40,3,0,7
BRDA:40,3,1,6
BRDA:40,3,2,5
BRDA:40,3,3,5
BRDA:45,4,0,0
BRDA:45,4,1,5
BRDA:46,5,0,7
BRDA:46,6,0,7
BRDA:49,7,0,0
BRDA:49,7,1,5
BRDA:50,8,0,0
BRDA:50,8,1,5
BRDA:53,9,0,0
BRDA:53,9,1,5
BRDA:93,10,0,26
BRDA:93,10,1,61
BRDA:136,11,0,12
BRDA:136,11,1,50
BRDA:136,12,0,62
BRDA:136,12,1,54
BRDA:139,13,0,5
BRDA:139,13,1,45
BRDA:139,14,0,73
BRDA:139,14,1,72
BRDA:185,15,0,12
BRDA:185,15,1,8
BRDA:186,16,0,12
BRDA:186,16,1,4
BRDA:189,17,0,12
BRDA:189,17,1,5
BRDA:190,18,0,12
BRDA:190,18,1,6
BRDA:191,19,0,12
BRDA:191,19,1,5
BRDA:191,19,2,2
BRDA:192,20,0,12
BRDA:192,20,1,4
BRDA:193,21,0,12
BRDA:193,21,1,5
BRDA:195,22,0,12
BRDA:195,22,1,2
BRDA:195,22,2,1
BRDA:209,23,0,1
BRDA:209,23,1,6
BRDA:213,24,0,1
BRDA:213,24,1,5
BRDA:216,25,0,1
BRDA:216,25,1,4
BRDA:216,26,0,5
BRDA:216,26,1,2
BRF:56
BRH:52
end_of_record
TN:
SF:src/wallet.ts
FN:112,isConnected
FN:123,connect
FN:141,reconnect
FN:155,disconnect
FN:160,getNetwork
FN:171,getPublicKey
FN:182,signTransaction
FN:191,(anonymous_7)
FN:192,(anonymous_8)
FN:228,isFreighterInstalled
FN:233,connectWallet
FN:238,getPublicKey_2
FN:243,signTransaction_2
FN:251,getDefaultWalletAdapter
FN:261,(anonymous_14)
FN:262,(anonymous_15)
FN:263,(anonymous_16)
FN:264,(anonymous_17)
FNF:18
FNH:13
FNDA:5,isConnected
FNDA:5,connect
FNDA:1,reconnect
FNDA:0,disconnect
FNDA:16,getNetwork
FNDA:43,getPublicKey
FNDA:22,signTransaction
FNDA:22,(anonymous_7)
FNDA:5,(anonymous_8)
FNDA:3,isFreighterInstalled
FNDA:3,connectWallet
FNDA:3,getPublicKey_2
FNDA:3,signTransaction_2
FNDA:76,getDefaultWalletAdapter
FNDA:0,(anonymous_14)
FNDA:0,(anonymous_15)
FNDA:0,(anonymous_16)
FNDA:0,(anonymous_17)
DA:6,14
DA:15,14
DA:113,5
DA:114,5
DA:115,1
DA:116,1
DA:118,0
DA:120,4
DA:124,5
DA:125,5
DA:126,2
DA:129,3
DA:130,3
DA:131,1
DA:134,2
DA:142,1
DA:143,1
DA:144,1
DA:145,0
DA:148,1
DA:156,0
DA:161,16
DA:162,16
DA:163,0
DA:165,16
DA:172,43
DA:173,43
DA:174,1
DA:176,42
DA:177,2
DA:179,40
DA:186,22
DA:191,22
DA:192,22
DA:193,5
DA:198,22
DA:199,22
DA:205,17
DA:206,3
DA:208,13
DA:210,22
DA:215,14
DA:229,3
DA:234,3
DA:239,3
DA:247,3
DA:252,76
DA:260,14
DA:261,0
DA:262,0
DA:263,0
DA:264,0
LF:52
LH:44
BRDA:114,0,0,1
BRDA:114,0,1,4
BRDA:115,1,0,1
BRDA:115,1,1,0
BRDA:125,2,0,2
BRDA:125,2,1,3
BRDA:130,3,0,1
BRDA:130,3,1,2
BRDA:136,4,0,2
BRDA:136,4,1,0
BRDA:137,5,0,5
BRDA:137,5,1,0
BRDA:144,6,0,0
BRDA:144,6,1,1
BRDA:150,7,0,1
BRDA:150,7,1,0
BRDA:151,8,0,1
BRDA:151,8,1,0
BRDA:162,9,0,0
BRDA:162,9,1,16
BRDA:166,10,0,16
BRDA:166,10,1,16
BRDA:167,11,0,16
BRDA:167,11,1,16
BRDA:173,12,0,1
BRDA:173,12,1,42
BRDA:176,13,0,2
BRDA:176,13,1,40
BRDA:186,14,0,22
BRDA:186,14,1,17
BRDA:205,15,0,3
BRDA:205,15,1,14
BRF:32
BRH:25
end_of_record
TN:
SF:src/walletConnect.ts
FN:71,getFirstAccount
FN:81,getDefaultPublicKeyFromSession
FN:91,getDefaultChainId
FN:105,getDefaultNetwork
FN:120,getDefaultSignedTransactionXdr
FN:140,getSessionTopic
FN:144,setSessionTopic
FN:148,clearSessionTopic
FN:157,constructor
FN:162,getSessionTopic_2
FN:166,setSessionTopic_2
FN:170,clearSessionTopic_2
FN:182,constructor_2
FN:188,isConnected
FN:202,connect
FN:227,reconnect
FN:246,disconnect
FN:259,getPublicKey
FN:264,getNetwork
FN:269,signTransaction
FN:293,useSession
FN:302,buildConnection
FNF:22
FNH:17
FNDA:6,getFirstAccount
FNDA:2,getDefaultPublicKeyFromSession
FNDA:4,getDefaultChainId
FNDA:3,getDefaultNetwork
FNDA:1,getDefaultSignedTransactionXdr
FNDA:2,getSessionTopic
FNDA:3,setSessionTopic
FNDA:1,clearSessionTopic
FNDA:0,constructor
FNDA:0,getSessionTopic_2
FNDA:0,setSessionTopic_2
FNDA:0,clearSessionTopic_2
FNDA:2,constructor_2
FNDA:1,isConnected
FNDA:1,connect
FNDA:1,reconnect
FNDA:1,disconnect
FNDA:1,getPublicKey
FNDA:0,getNetwork
FNDA:1,signTransaction
FNDA:2,useSession
FNDA:2,buildConnection
DA:61,1
DA:69,1
DA:72,6
DA:73,6
DA:74,6
DA:75,6
DA:78,0
DA:82,2
DA:83,2
DA:84,0
DA:87,2
DA:88,2
DA:92,4
DA:93,4
DA:94,0
DA:97,4
DA:98,4
DA:99,4
DA:102,0
DA:106,3
DA:107,3
DA:109,3
DA:111,0
DA:113,0
DA:121,1
DA:122,0
DA:125,1
DA:131,1
DA:134,0
DA:138,2
DA:141,2
DA:145,3
DA:149,1
DA:158,0
DA:159,0
DA:163,0
DA:167,0
DA:171,0
DA:179,2
DA:180,2
DA:183,2
DA:184,2
DA:185,2
DA:189,1
DA:190,0
DA:193,1
DA:194,1
DA:195,1
DA:198,0
DA:199,0
DA:207,1
DA:210,1
DA:211,0
DA:213,1
DA:214,0
DA:217,1
DA:219,1
DA:220,1
DA:223,1
DA:224,1
DA:228,1
DA:229,0
DA:232,1
DA:233,1
DA:234,0
DA:237,1
DA:238,1
DA:239,0
DA:240,0
DA:243,1
DA:247,1
DA:248,1
DA:254,1
DA:255,1
DA:256,1
DA:260,1
DA:261,0
DA:265,0
DA:266,0
DA:273,1
DA:274,1
DA:275,0
DA:278,1
DA:290,1
DA:294,2
DA:295,2
DA:297,2
DA:298,2
DA:299,2
DA:303,2
DA:305,2
DA:311,2
LF:92
LH:66
BRDA:72,0,0,6
BRDA:72,0,1,0
BRDA:74,1,0,6
BRDA:74,1,1,0
BRDA:83,2,0,0
BRDA:83,2,1,2
BRDA:88,3,0,2
BRDA:88,3,1,0
BRDA:93,4,0,0
BRDA:93,4,1,4
BRDA:98,5,0,4
BRDA:98,5,1,0
BRDA:107,6,0,3
BRDA:107,6,1,0
BRDA:107,6,2,0
BRDA:115,7,0,0
BRDA:115,7,1,0
BRDA:121,8,0,0
BRDA:121,8,1,1
BRDA:125,9,0,1
BRDA:125,9,1,0
BRDA:126,10,0,1
BRDA:126,10,1,1
BRDA:126,10,2,1
BRDA:126,10,3,1
BRDA:157,11,0,0
BRDA:182,12,0,2
BRDA:185,13,0,2
BRDA:185,13,1,1
BRDA:189,14,0,0
BRDA:189,14,1,1
BRDA:194,15,0,1
BRDA:194,15,1,0
BRDA:208,16,0,1
BRDA:208,16,1,1
BRDA:210,17,0,0
BRDA:210,17,1,1
BRDA:213,18,0,0
BRDA:213,18,1,1
BRDA:219,19,0,1
BRDA:219,19,1,0
BRDA:228,20,0,0
BRDA:228,20,1,1
BRDA:228,21,0,1
BRDA:228,21,1,0
BRDA:233,22,0,0
BRDA:233,22,1,1
BRDA:238,23,0,0
BRDA:238,23,1,1
BRDA:247,24,0,1
BRDA:247,24,1,0
BRDA:250,25,0,1
BRDA:250,25,1,1
BRDA:260,26,0,1
BRDA:260,26,1,0
BRDA:265,27,0,0
BRDA:265,27,1,0
BRDA:273,28,0,1
BRDA:273,28,1,0
BRDA:274,29,0,0
BRDA:274,29,1,1
BRDA:280,30,0,1
BRDA:280,30,1,1
BRDA:282,31,0,1
BRDA:282,31,1,1
BRDA:290,32,0,1
BRDA:290,32,1,1
BRDA:303,33,0,2
BRDA:303,33,1,2
BRDA:305,34,0,2
BRDA:305,34,1,2
BRDA:306,35,0,2
BRDA:306,35,1,2
BRDA:308,36,0,2
BRDA:308,36,1,1
BRF:75
BRH:47
end_of_record
TN:
SF:src/adapters/albedo.ts
FN:11,toAlbedoNetwork
FN:36,createAlbedoAdapter
FN:41,isConnected
FN:45,connect
FN:52,reconnect
FN:59,disconnect
FN:64,getPublicKey
FN:71,signTransaction
FNF:8
FNH:4
FNDA:5,toAlbedoNetwork
FNDA:7,createAlbedoAdapter
FNDA:0,isConnected
FNDA:0,connect
FNDA:0,reconnect
FNDA:0,disconnect
FNDA:2,getPublicKey
FNDA:5,signTransaction
DA:12,5
DA:14,1
DA:16,3
DA:18,1
DA:38,7
DA:40,7
DA:42,0
DA:46,0
DA:47,0
DA:48,0
DA:49,0
DA:53,0
DA:54,0
DA:55,0
DA:56,0
DA:60,0
DA:61,0
DA:65,2
DA:66,2
DA:67,2
DA:68,2
DA:75,5
DA:80,5
LF:23
LH:12
BRDA:12,0,0,1
BRDA:12,0,1,3
BRDA:12,0,2,1
BRDA:78,1,0,4
BRDA:78,1,1,1
BRF:5
BRH:5
end_of_record
TN:
SF:src/adapters/hana.ts
FN:13,constructor
FNF:1
FNH:1
FNDA:2,constructor
DA:10,2
DA:11,2
DA:14,2
LF:3
LH:3
BRF:0
BRH:0
end_of_record
TN:
SF:src/adapters/hot.ts
FN:13,constructor
FNF:1
FNH:1
FNDA:2,constructor
DA:10,2
DA:11,2
DA:14,2
LF:3
LH:3
BRF:0
BRH:0
end_of_record
TN:
SF:src/adapters/index.ts
FNF:0
FNH:0
LF:0
LH:0
BRF:0
BRH:0
end_of_record
TN:
SF:src/adapters/injected.ts
FN:22,constructor
FN:24,connect
FN:29,disconnect
FN:34,isConnected
FN:41,getPublicKey
FN:51,signTransaction
FNF:6
FNH:6
FNDA:4,constructor
FNDA:4,connect
FNDA:2,disconnect
FNDA:2,isConnected
FNDA:4,getPublicKey
FNDA:2,signTransaction
DA:20,4
DA:22,4
DA:25,4
DA:26,4
DA:30,2
DA:31,2
DA:35,2
DA:36,0
DA:38,2
DA:42,4
DA:43,0
DA:45,4
DA:46,2
DA:48,2
DA:55,2
DA:56,2
LF:16
LH:14
BRDA:35,0,0,0
BRDA:35,0,1,2
BRDA:42,1,0,0
BRDA:42,1,1,4
BRDA:45,2,0,2
BRDA:45,2,1,2
BRDA:56,3,0,0
BRDA:56,3,1,2
BRF:8
BRH:5
end_of_record
TN:
SF:src/adapters/ledger.ts
FN:34,constructor
FN:41,connect
FN:51,disconnect
FN:56,isConnected
FN:60,getPublicKey
FN:67,signTransaction
FNF:6
FNH:4
FNDA:1,constructor
FNDA:1,connect
FNDA:0,disconnect
FNDA:0,isConnected
FNDA:1,getPublicKey
FNDA:1,signTransaction
DA:27,1
DA:28,1
DA:32,1
DA:34,1
DA:35,1
DA:36,1
DA:42,1
DA:43,1
DA:44,1
DA:52,0
DA:53,0
DA:57,0
DA:61,1
DA:62,0
DA:64,1
DA:71,1
DA:72,1
DA:76,1
DA:77,1
DA:78,1
DA:79,1
LF:21
LH:17
BRDA:35,0,0,1
BRDA:35,0,1,1
BRDA:37,1,0,1
BRDA:37,1,1,0
BRDA:46,2,0,1
BRDA:46,2,1,0
BRDA:61,3,0,0
BRDA:61,3,1,1
BRF:8
BRH:5
end_of_record
TN:
SF:src/adapters/lobstr.ts
FN:34,constructor
FN:38,connect
FN:50,disconnect
FN:54,isConnected
FN:58,getPublicKey
FN:62,signTransaction
FNF:6
FNH:2
FNDA:1,constructor
FNDA:1,connect
FNDA:0,disconnect
FNDA:0,isConnected
FNDA:0,getPublicKey
FNDA:0,signTransaction
DA:29,1
DA:30,1
DA:34,1
DA:35,1
DA:39,1
DA:40,1
DA:41,1
DA:42,1
DA:43,1
DA:44,1
DA:47,1
DA:51,0
DA:55,0
DA:59,0
DA:66,0
LF:15
LH:11
BRDA:35,0,0,1
BRDA:35,0,1,1
BRDA:40,1,0,1
BRDA:40,1,1,0
BRDA:43,2,0,1
BRDA:43,2,1,0
BRF:6
BRH:4
end_of_record
TN:
SF:src/adapters/types.ts
FNF:0
FNH:0
LF:0
LH:0
BRF:0
BRH:0
end_of_record
